2022.04.28 11:48:53 INFO  tracing is disabled for protocol LSP, to enable tracing of incoming and outgoing JSON messages create an empty file at d:\GitHub\scala_system\rewrite\.metals\lsp.trace.json or C:\Users\shion\AppData\Local\scalameta\metals\cache\lsp.trace.json
2022.04.28 11:48:53 INFO  logging to file D:\GitHub\scala_system\rewrite\.metals\metals.log
2022.04.28 11:48:53 INFO  Started: Metals version 0.11.4 in workspace 'D:\GitHub\scala_system\rewrite' for client Visual Studio Code 1.66.2.
2022.04.28 11:48:54 INFO  time: initialize in 0.79s
2022.04.28 11:48:54 WARN  Flyway upgrade recommended: H2 2.1.212 is newer than this version of Flyway and support has not been tested. The latest supported version of H2 is 2.1.210.
2022.04.28 11:48:54 WARN  Build server is not auto-connectable.
2022.04.28 11:48:57 INFO  running 'C:\Users\shion\AppData\Local\Coursier\cache\arc\https\github.com\AdoptOpenJDK\openjdk8-binaries\releases\download\jdk8u292-b10\OpenJDK8U-jdk_x64_windows_hotspot_8u292b10.zip\jdk8u292-b10\bin\java -Djline.terminal=jline.UnsupportedTerminal -Dsbt.log.noformat=true -Dfile.encoding=UTF-8 -jar C:\Users\shion\AppData\Local\Temp\metals7861608872651829002\sbt-launch.jar -Dbloop.export-jar-classifiers=sources bloopInstall'
2022.04.28 11:48:58 INFO  [info] welcome to sbt 1.6.2 (AdoptOpenJDK Java 1.8.0_292)
2022.04.28 11:48:59 INFO  [info] loading settings for project rewrite-build-build from metals.sbt ...
2022.04.28 11:48:59 INFO  [info] loading project definition from D:\GitHub\scala_system\rewrite\project\project
2022.04.28 11:49:01 INFO  [info] loading settings for project rewrite-build from metals.sbt ...
2022.04.28 11:49:01 INFO  [info] loading project definition from D:\GitHub\scala_system\rewrite\project
2022.04.28 11:49:02 WARN  no build target for: D:\GitHub\scala_system\rewrite\src\main\scala\top_rectangles_df.scala
2022.04.28 11:49:02 INFO  [success] Generated .bloop\rewrite-build.json
2022.04.28 11:49:02 INFO  [success] Total time: 1 s, completed 28-Apr-2022 11:49:03 AM
2022.04.28 11:49:03 INFO  no build target found for D:\GitHub\scala_system\rewrite\src\main\scala\top_rectangles_df.scala. Using presentation compiler with project's scala-library version: 3.1.2
2022.04.28 11:49:02 INFO  [info] loading settings for project root from build.sbt ...
2022.04.28 11:49:02 INFO  [info] set current project to dfiantdemo (in build file:/D:/GitHub/scala_system/rewrite/)
2022.04.28 11:49:04 INFO  [success] Generated .bloop\root-test.json
2022.04.28 11:49:04 INFO  [success] Generated .bloop\root.json
2022.04.28 11:49:04 INFO  [success] Total time: 1 s, completed 28-Apr-2022 11:49:04 AM
2022.04.28 11:49:04 INFO  time: ran 'sbt bloopInstall' in 7.18s
2022.04.28 11:49:04 INFO  Attempting to connect to the build server...
2022.04.28 11:49:04 INFO  tracing is disabled for protocol BSP, to enable tracing of incoming and outgoing JSON messages create an empty file at D:\GitHub\scala_system\rewrite\.metals\bsp.trace.json or C:\Users\shion\AppData\Local\scalameta\metals\cache\bsp.trace.json
2022.04.28 11:49:04 INFO  Attempting to connect to the build server...
2022.04.28 11:49:04 INFO  tracing is disabled for protocol BSP, to enable tracing of incoming and outgoing JSON messages create an empty file at D:\GitHub\scala_system\rewrite\project\.metals\bsp.trace.json or C:\Users\shion\AppData\Local\scalameta\metals\cache\bsp.trace.json
2022.04.28 11:49:04 INFO  time: Connected to build server in 0.16s
2022.04.28 11:49:04 INFO  Connected to Build server: Bloop v1.5.0
2022.04.28 11:49:05 INFO  no build target found for D:\GitHub\scala_system\rewrite\src\main\scala\top_rectangles_df.scala. Using presentation compiler with project's scala-library version: 3.1.2
2022.04.28 11:49:05 INFO  time: code lens generation in 2.74s
2022.04.28 11:49:06 INFO  time: code lens generation in 2.74s
2022.04.28 11:49:07 ERROR Failed to fetch mtags for 3.1.2-RC1
Error downloading org.scalameta:mtags_3.1.2-RC1:0.11.4
  not found: C:\Users\shion\.ivy2\local\org.scalameta\mtags_3.1.2-RC1\0.11.4\ivys\ivy.xml
  not found: https://repo1.maven.org/maven2/org/scalameta/mtags_3.1.2-RC1/0.11.4/mtags_3.1.2-RC1-0.11.4.pom
  not found: https://oss.sonatype.org/content/repositories/public/org/scalameta/mtags_3.1.2-RC1/0.11.4/mtags_3.1.2-RC1-0.11.4.pom
  not found: https://oss.sonatype.org/content/repositories/snapshots/org/scalameta/mtags_3.1.2-RC1/0.11.4/mtags_3.1.2-RC1-0.11.4.pom
2022.04.28 11:49:08 ERROR Failed to fetch mtags for 3.1.2-RC1
Error downloading org.scalameta:mtags_3.1.2-RC1:0.11.4
  not found: C:\Users\shion\.ivy2\local\org.scalameta\mtags_3.1.2-RC1\0.11.4\ivys\ivy.xml
  not found: https://repo1.maven.org/maven2/org/scalameta/mtags_3.1.2-RC1/0.11.4/mtags_3.1.2-RC1-0.11.4.pom
  not found: https://oss.sonatype.org/content/repositories/public/org/scalameta/mtags_3.1.2-RC1/0.11.4/mtags_3.1.2-RC1-0.11.4.pom
  not found: https://oss.sonatype.org/content/repositories/snapshots/org/scalameta/mtags_3.1.2-RC1/0.11.4/mtags_3.1.2-RC1-0.11.4.pom
2022.04.28 11:49:09 ERROR Failed to fetch mtags for 3.1.2-RC1
Error downloading org.scalameta:mtags_3.1.2-RC1:0.11.4
  not found: C:\Users\shion\.ivy2\local\org.scalameta\mtags_3.1.2-RC1\0.11.4\ivys\ivy.xml
  not found: https://repo1.maven.org/maven2/org/scalameta/mtags_3.1.2-RC1/0.11.4/mtags_3.1.2-RC1-0.11.4.pom
  not found: https://oss.sonatype.org/content/repositories/public/org/scalameta/mtags_3.1.2-RC1/0.11.4/mtags_3.1.2-RC1-0.11.4.pom
  not found: https://oss.sonatype.org/content/repositories/snapshots/org/scalameta/mtags_3.1.2-RC1/0.11.4/mtags_3.1.2-RC1-0.11.4.pom
2022.04.28 11:49:09 INFO  No mtags for 3.1.2-RC1.
2022.04.28 11:49:11 INFO  time: indexed workspace in 6.86s
2022.04.28 11:49:11 INFO  No mtags for 3.1.2-RC1.
2022.04.28 11:49:11 WARN  unsupported Scala 3.1.2-RC1
2022.04.28 11:49:11 INFO  compiling root (10 scala sources)
2022.04.28 11:49:24 INFO  time: compiled root in 12s
2022.04.28 11:50:03 INFO  No mtags for 3.1.2-RC1.
2022.04.28 11:50:03 WARN  unsupported Scala 3.1.2-RC1
2022.04.28 11:50:07 INFO  No mtags for 3.1.2-RC1.
2022.04.28 11:50:07 WARN  unsupported Scala 3.1.2-RC1
2022.04.28 11:50:13 INFO  compiling root (1 scala source)
2022.04.28 11:50:13 INFO  No mtags for 3.1.2-RC1.
2022.04.28 11:50:13 WARN  unsupported Scala 3.1.2-RC1
2022.04.28 11:50:16 INFO  No mtags for 3.1.2-RC1.
2022.04.28 11:50:16 WARN  unsupported Scala 3.1.2-RC1
2022.04.28 11:50:16 INFO  time: compiled root in 2.53s
2022.04.28 11:50:16 INFO  compiling root (1 scala source)
2022.04.28 11:50:18 INFO  time: compiled root in 2.59s
2022.04.28 11:50:21 WARN  Could not load snapshot text for D:\GitHub\scala_system\rewrite\src\main\scala\framebuffer_bram.scala
2022.04.28 11:50:21 WARN  Could not load snapshot text for D:\GitHub\scala_system\rewrite\src\main\scala\framebuffer_bram.scala
2022.04.28 11:50:22 INFO  compiling root (1 scala source)
2022.04.28 11:50:24 INFO  time: compiled root in 2.41s
2022.04.28 11:51:16 INFO  No mtags for 3.1.2-RC1.
2022.04.28 11:51:16 WARN  unsupported Scala 3.1.2-RC1
2022.04.28 11:51:16 INFO  No mtags for 3.1.2-RC1.
2022.04.28 11:51:16 WARN  unsupported Scala 3.1.2-RC1
2022.04.28 11:51:16 INFO  No mtags for 3.1.2-RC1.
2022.04.28 11:51:16 WARN  unsupported Scala 3.1.2-RC1
2022.04.28 11:51:20 INFO  No mtags for 3.1.2-RC1.
2022.04.28 11:51:20 WARN  unsupported Scala 3.1.2-RC1
2022.04.28 11:51:24 INFO  No mtags for 3.1.2-RC1.
2022.04.28 11:51:24 WARN  unsupported Scala 3.1.2-RC1
2022.04.28 11:51:24 INFO  No mtags for 3.1.2-RC1.
2022.04.28 11:51:24 WARN  unsupported Scala 3.1.2-RC1
