2022.04.07 11:39:40 INFO  tracing is disabled for protocol LSP, to enable tracing of incoming and outgoing JSON messages create an empty file at c:\spring_break\scala\scala_system\.metals\lsp.trace.json or C:\Users\xuepi\AppData\Local\scalameta\metals\cache\lsp.trace.json
2022.04.07 11:39:42 INFO  logging to file C:\spring_break\scala\scala_system\.metals\metals.log
2022.04.07 11:39:42 INFO  Started: Metals version 0.11.2 in workspace 'C:\spring_break\scala\scala_system' for client Visual Studio Code 1.66.0.
2022.04.07 11:39:42 INFO  Parse release: 1.8.0_292
2022.04.07 11:39:44 INFO  time: initialize in 2.43s
2022.04.07 11:39:45 WARN  Build server is not auto-connectable.
2022.04.07 11:39:45 WARN  no build tool detected in workspace 'C:\spring_break\scala\scala_system'. The most common cause for this problem is that the editor was opened in the wrong working directory, for example if you use sbt then the workspace directory should contain build.sbt. 
2022.04.07 11:39:46 WARN  no build target for: C:\spring_break\scala\scala_system\rewrite\src\main\scala\display_timings_480p_df.scala
2022.04.07 11:39:46 WARN  no build target for: C:\spring_break\scala\scala_system\rewrite\src\main\scala\top_rectangles_df.scala
2022.04.07 11:39:51 INFO  no build target found for C:\spring_break\scala\scala_system\rewrite\src\main\scala\display_timings_480p_df.scala. Using presentation compiler with project's scala-library version: 3.1.1
2022.04.07 11:39:56 INFO  time: code lens generation in 9.96s
2022.04.07 11:41:54 WARN  no build target for: C:\spring_break\scala\scala_system\rewrite\src\main\scala\display_timings_480p_df.scala
Apr 07, 2022 12:05:16 PM org.eclipse.lsp4j.jsonrpc.services.GenericEndpoint notify
INFO: Unsupported notification method: $/setTrace
2022.04.07 13:52:52 WARN  no build target for: C:\spring_break\scala\scala_system\rewrite\src\main\scala\display_timings_480p_df.scala
2022.04.07 13:52:53 WARN  no build target for: C:\spring_break\scala\scala_system\rewrite\src\main\scala\display_timings_480p_df.scala
2022.04.07 13:53:10 WARN  no build target for: C:\spring_break\scala\scala_system\rewrite\src\main\scala\display_timings_480p_df.scala
2022.04.07 13:53:15 WARN  no build target for: C:\spring_break\scala\scala_system\rewrite\src\main\scala\display_timings_480p_df.scala
2022.04.07 14:54:50 WARN  no build target for: C:\spring_break\scala\scala_system\rewrite\src\main\scala\display_timings_480p_df.scala
2022.04.07 14:54:56 WARN  no build target for: C:\spring_break\scala\scala_system\rewrite\src\main\scala\display_timings_480p_df.scala
2022.04.07 14:55:06 WARN  no build target for: C:\spring_break\scala\scala_system\rewrite\src\main\scala\display_timings_480p_df.scala
2022.04.07 14:56:23 WARN  no build target for: C:\spring_break\scala\scala_system\rewrite\src\main\scala\display_timings_480p_df.scala
2022.04.07 14:56:30 WARN  no build target for: C:\spring_break\scala\scala_system\rewrite\src\main\scala\display_timings_480p_df.scala
2022.04.07 14:56:35 WARN  no build target for: C:\spring_break\scala\scala_system\rewrite\src\main\scala\display_timings_480p_df.scala
2022.04.07 14:56:45 WARN  no build target for: C:\spring_break\scala\scala_system\rewrite\src\main\scala\display_timings_480p_df.scala
2022.04.07 14:59:34 WARN  no build target for: C:\spring_break\scala\scala_system\rewrite\src\main\scala\display_timings_480p_df.scala
2022.04.07 14:59:40 WARN  no build target for: C:\spring_break\scala\scala_system\rewrite\src\main\scala\display_timings_480p_df.scala
2022.04.07 15:00:14 WARN  no build target for: C:\spring_break\scala\scala_system\rewrite\src\main\scala\display_timings_480p_df.scala
2022.04.07 15:00:19 WARN  no build target for: C:\spring_break\scala\scala_system\rewrite\src\main\scala\display_timings_480p_df.scala
2022.04.07 15:00:21 WARN  no build target for: C:\spring_break\scala\scala_system\rewrite\src\main\scala\display_timings_480p_df.scala
2022.04.07 15:04:50 WARN  no build target for: C:\spring_break\scala\scala_system\rewrite\src\main\scala\display_timings_480p_df.scala
2022.04.07 15:05:01 WARN  no build target for: C:\spring_break\scala\scala_system\rewrite\src\main\scala\display_timings_480p_df.scala
2022.04.07 15:05:11 WARN  no build target for: C:\spring_break\scala\scala_system\rewrite\src\main\scala\display_timings_480p_df.scala
2022.04.07 15:10:20 WARN  no build target for: C:\spring_break\scala\scala_system\rewrite\src\main\scala\display_timings_480p_df.scala
2022.04.07 15:17:42 WARN  no build target for: C:\spring_break\scala\scala_system\rewrite\src\main\scala\display_timings_480p_df.scala
2022.04.07 15:49:09 WARN  no build target for: C:\spring_break\scala\scala_system\a7.scala
2022.04.07 15:52:58 WARN  no build target for: C:\spring_break\scala\scala_system\a.scala
2022.04.07 15:53:12 WARN  no build target for: C:\spring_break\scala\scala_system\a7.scala
2022.04.07 23:18:56 WARN  no build target for: C:\spring_break\scala\scala_system\rewrite\src\main\scala\display_timings_480p_df.scala
2022.04.07 23:19:04 INFO  shutting down Metals
